mode: set
github.com/bruno-holanda15/weather_by_cep_goexpert/internal/domain/entity/info_searcher.go:18.40,20.2 1 0
github.com/bruno-holanda15/weather_by_cep_goexpert/internal/domain/entity/info_searcher.go:22.60,24.16 2 0
github.com/bruno-holanda15/weather_by_cep_goexpert/internal/domain/entity/info_searcher.go:24.16,26.3 1 0
github.com/bruno-holanda15/weather_by_cep_goexpert/internal/domain/entity/info_searcher.go:28.2,28.17 1 0
github.com/bruno-holanda15/weather_by_cep_goexpert/internal/domain/entity/info_searcher.go:31.35,32.40 1 0
github.com/bruno-holanda15/weather_by_cep_goexpert/internal/domain/entity/info_searcher.go:32.40,34.3 1 0
github.com/bruno-holanda15/weather_by_cep_goexpert/internal/domain/entity/info_searcher.go:36.2,36.45 1 0
github.com/bruno-holanda15/weather_by_cep_goexpert/internal/domain/entity/info_searcher.go:36.45,38.3 1 0
github.com/bruno-holanda15/weather_by_cep_goexpert/internal/domain/entity/info_searcher.go:40.2,40.12 1 0
github.com/bruno-holanda15/weather_by_cep_goexpert/internal/domain/entity/info_searcher.go:43.69,46.16 2 0
github.com/bruno-holanda15/weather_by_cep_goexpert/internal/domain/entity/info_searcher.go:46.16,48.3 1 0
github.com/bruno-holanda15/weather_by_cep_goexpert/internal/domain/entity/info_searcher.go:49.2,52.16 3 0
github.com/bruno-holanda15/weather_by_cep_goexpert/internal/domain/entity/info_searcher.go:52.16,54.3 1 0
github.com/bruno-holanda15/weather_by_cep_goexpert/internal/domain/entity/info_searcher.go:56.2,58.16 3 0
github.com/bruno-holanda15/weather_by_cep_goexpert/internal/domain/entity/info_searcher.go:58.16,60.3 1 0
github.com/bruno-holanda15/weather_by_cep_goexpert/internal/domain/entity/info_searcher.go:62.2,62.35 1 0
github.com/bruno-holanda15/weather_by_cep_goexpert/internal/domain/entity/info_searcher.go:62.35,64.3 1 0
github.com/bruno-holanda15/weather_by_cep_goexpert/internal/domain/entity/info_searcher.go:66.2,67.16 2 0
github.com/bruno-holanda15/weather_by_cep_goexpert/internal/domain/entity/info_searcher.go:67.16,69.3 1 0
github.com/bruno-holanda15/weather_by_cep_goexpert/internal/domain/entity/info_searcher.go:71.2,71.37 1 0
github.com/bruno-holanda15/weather_by_cep_goexpert/internal/domain/entity/info_searcher.go:74.78,79.16 4 0
github.com/bruno-holanda15/weather_by_cep_goexpert/internal/domain/entity/info_searcher.go:79.16,81.3 1 0
github.com/bruno-holanda15/weather_by_cep_goexpert/internal/domain/entity/info_searcher.go:82.2,85.16 3 0
github.com/bruno-holanda15/weather_by_cep_goexpert/internal/domain/entity/info_searcher.go:85.16,87.3 1 0
github.com/bruno-holanda15/weather_by_cep_goexpert/internal/domain/entity/info_searcher.go:89.2,91.16 3 0
github.com/bruno-holanda15/weather_by_cep_goexpert/internal/domain/entity/info_searcher.go:91.16,93.3 1 0
github.com/bruno-holanda15/weather_by_cep_goexpert/internal/domain/entity/info_searcher.go:95.2,95.45 1 0
github.com/bruno-holanda15/weather_by_cep_goexpert/internal/domain/entity/info_searcher.go:100.48,102.16 2 0
github.com/bruno-holanda15/weather_by_cep_goexpert/internal/domain/entity/info_searcher.go:102.16,104.3 1 0
github.com/bruno-holanda15/weather_by_cep_goexpert/internal/domain/entity/info_searcher.go:105.2,105.15 1 0
github.com/bruno-holanda15/weather_by_cep_goexpert/internal/domain/entity/info_searcher.go:108.71,110.2 1 0
github.com/bruno-holanda15/weather_by_cep_goexpert/internal/domain/entity/info_searcher.go:112.67,114.2 1 0
github.com/bruno-holanda15/weather_by_cep_goexpert/internal/domain/mocks/info_searcher_mock.go:13.46,15.66 1 0
github.com/bruno-holanda15/weather_by_cep_goexpert/internal/domain/mocks/info_searcher_mock.go:15.66,15.84 1 0
github.com/bruno-holanda15/weather_by_cep_goexpert/internal/domain/mocks/info_searcher_mock.go:16.66,16.84 1 0
github.com/bruno-holanda15/weather_by_cep_goexpert/internal/domain/mocks/info_searcher_mock.go:17.67,17.84 1 0
github.com/bruno-holanda15/weather_by_cep_goexpert/internal/domain/mocks/info_searcher_mock.go:18.59,18.71 1 0
github.com/bruno-holanda15/weather_by_cep_goexpert/internal/domain/mocks/info_searcher_mock.go:19.59,19.71 1 0
github.com/bruno-holanda15/weather_by_cep_goexpert/internal/domain/mocks/info_searcher_mock.go:23.63,24.25 1 0
github.com/bruno-holanda15/weather_by_cep_goexpert/internal/domain/mocks/info_searcher_mock.go:24.25,26.3 1 0
github.com/bruno-holanda15/weather_by_cep_goexpert/internal/domain/mocks/info_searcher_mock.go:27.2,27.47 1 0
github.com/bruno-holanda15/weather_by_cep_goexpert/internal/domain/mocks/info_searcher_mock.go:30.72,31.34 1 0
github.com/bruno-holanda15/weather_by_cep_goexpert/internal/domain/mocks/info_searcher_mock.go:31.34,33.3 1 0
github.com/bruno-holanda15/weather_by_cep_goexpert/internal/domain/mocks/info_searcher_mock.go:34.2,34.47 1 0
github.com/bruno-holanda15/weather_by_cep_goexpert/internal/domain/mocks/info_searcher_mock.go:37.73,38.33 1 0
github.com/bruno-holanda15/weather_by_cep_goexpert/internal/domain/mocks/info_searcher_mock.go:38.33,40.3 1 0
github.com/bruno-holanda15/weather_by_cep_goexpert/internal/domain/mocks/info_searcher_mock.go:41.2,41.46 1 0
github.com/bruno-holanda15/weather_by_cep_goexpert/internal/domain/mocks/info_searcher_mock.go:44.80,45.45 1 0
github.com/bruno-holanda15/weather_by_cep_goexpert/internal/domain/mocks/info_searcher_mock.go:45.45,47.3 1 0
github.com/bruno-holanda15/weather_by_cep_goexpert/internal/domain/mocks/info_searcher_mock.go:48.2,48.10 1 0
github.com/bruno-holanda15/weather_by_cep_goexpert/internal/domain/mocks/info_searcher_mock.go:51.76,52.41 1 0
github.com/bruno-holanda15/weather_by_cep_goexpert/internal/domain/mocks/info_searcher_mock.go:52.41,54.3 1 0
github.com/bruno-holanda15/weather_by_cep_goexpert/internal/domain/mocks/info_searcher_mock.go:56.2,56.10 1 0
github.com/bruno-holanda15/weather_by_cep_goexpert/internal/domain/entity/info_searcher.go:18.40,20.2 1 0
github.com/bruno-holanda15/weather_by_cep_goexpert/internal/domain/entity/info_searcher.go:22.60,24.16 2 0
github.com/bruno-holanda15/weather_by_cep_goexpert/internal/domain/entity/info_searcher.go:24.16,26.3 1 0
github.com/bruno-holanda15/weather_by_cep_goexpert/internal/domain/entity/info_searcher.go:28.2,28.17 1 0
github.com/bruno-holanda15/weather_by_cep_goexpert/internal/domain/entity/info_searcher.go:31.35,32.40 1 0
github.com/bruno-holanda15/weather_by_cep_goexpert/internal/domain/entity/info_searcher.go:32.40,34.3 1 0
github.com/bruno-holanda15/weather_by_cep_goexpert/internal/domain/entity/info_searcher.go:36.2,36.45 1 0
github.com/bruno-holanda15/weather_by_cep_goexpert/internal/domain/entity/info_searcher.go:36.45,38.3 1 0
github.com/bruno-holanda15/weather_by_cep_goexpert/internal/domain/entity/info_searcher.go:40.2,40.12 1 0
github.com/bruno-holanda15/weather_by_cep_goexpert/internal/domain/entity/info_searcher.go:43.69,46.16 2 0
github.com/bruno-holanda15/weather_by_cep_goexpert/internal/domain/entity/info_searcher.go:46.16,48.3 1 0
github.com/bruno-holanda15/weather_by_cep_goexpert/internal/domain/entity/info_searcher.go:49.2,52.16 3 0
github.com/bruno-holanda15/weather_by_cep_goexpert/internal/domain/entity/info_searcher.go:52.16,54.3 1 0
github.com/bruno-holanda15/weather_by_cep_goexpert/internal/domain/entity/info_searcher.go:56.2,58.16 3 0
github.com/bruno-holanda15/weather_by_cep_goexpert/internal/domain/entity/info_searcher.go:58.16,60.3 1 0
github.com/bruno-holanda15/weather_by_cep_goexpert/internal/domain/entity/info_searcher.go:62.2,62.35 1 0
github.com/bruno-holanda15/weather_by_cep_goexpert/internal/domain/entity/info_searcher.go:62.35,64.3 1 0
github.com/bruno-holanda15/weather_by_cep_goexpert/internal/domain/entity/info_searcher.go:66.2,67.16 2 0
github.com/bruno-holanda15/weather_by_cep_goexpert/internal/domain/entity/info_searcher.go:67.16,69.3 1 0
github.com/bruno-holanda15/weather_by_cep_goexpert/internal/domain/entity/info_searcher.go:71.2,71.37 1 0
github.com/bruno-holanda15/weather_by_cep_goexpert/internal/domain/entity/info_searcher.go:74.78,79.16 4 0
github.com/bruno-holanda15/weather_by_cep_goexpert/internal/domain/entity/info_searcher.go:79.16,81.3 1 0
github.com/bruno-holanda15/weather_by_cep_goexpert/internal/domain/entity/info_searcher.go:82.2,85.16 3 0
github.com/bruno-holanda15/weather_by_cep_goexpert/internal/domain/entity/info_searcher.go:85.16,87.3 1 0
github.com/bruno-holanda15/weather_by_cep_goexpert/internal/domain/entity/info_searcher.go:89.2,91.16 3 0
github.com/bruno-holanda15/weather_by_cep_goexpert/internal/domain/entity/info_searcher.go:91.16,93.3 1 0
github.com/bruno-holanda15/weather_by_cep_goexpert/internal/domain/entity/info_searcher.go:95.2,95.45 1 0
github.com/bruno-holanda15/weather_by_cep_goexpert/internal/domain/entity/info_searcher.go:100.48,102.16 2 0
github.com/bruno-holanda15/weather_by_cep_goexpert/internal/domain/entity/info_searcher.go:102.16,104.3 1 0
github.com/bruno-holanda15/weather_by_cep_goexpert/internal/domain/entity/info_searcher.go:105.2,105.15 1 0
github.com/bruno-holanda15/weather_by_cep_goexpert/internal/domain/entity/info_searcher.go:108.71,110.2 1 0
github.com/bruno-holanda15/weather_by_cep_goexpert/internal/domain/entity/info_searcher.go:112.67,114.2 1 0
github.com/bruno-holanda15/weather_by_cep_goexpert/internal/domain/mocks/info_searcher_mock.go:13.46,15.66 1 1
github.com/bruno-holanda15/weather_by_cep_goexpert/internal/domain/mocks/info_searcher_mock.go:15.66,15.84 1 0
github.com/bruno-holanda15/weather_by_cep_goexpert/internal/domain/mocks/info_searcher_mock.go:16.66,16.84 1 0
github.com/bruno-holanda15/weather_by_cep_goexpert/internal/domain/mocks/info_searcher_mock.go:17.67,17.84 1 0
github.com/bruno-holanda15/weather_by_cep_goexpert/internal/domain/mocks/info_searcher_mock.go:18.59,18.71 1 0
github.com/bruno-holanda15/weather_by_cep_goexpert/internal/domain/mocks/info_searcher_mock.go:19.59,19.71 1 0
github.com/bruno-holanda15/weather_by_cep_goexpert/internal/domain/mocks/info_searcher_mock.go:23.63,24.25 1 1
github.com/bruno-holanda15/weather_by_cep_goexpert/internal/domain/mocks/info_searcher_mock.go:24.25,26.3 1 1
github.com/bruno-holanda15/weather_by_cep_goexpert/internal/domain/mocks/info_searcher_mock.go:27.2,27.47 1 0
github.com/bruno-holanda15/weather_by_cep_goexpert/internal/domain/mocks/info_searcher_mock.go:30.72,31.34 1 1
github.com/bruno-holanda15/weather_by_cep_goexpert/internal/domain/mocks/info_searcher_mock.go:31.34,33.3 1 1
github.com/bruno-holanda15/weather_by_cep_goexpert/internal/domain/mocks/info_searcher_mock.go:34.2,34.47 1 0
github.com/bruno-holanda15/weather_by_cep_goexpert/internal/domain/mocks/info_searcher_mock.go:37.73,38.33 1 1
github.com/bruno-holanda15/weather_by_cep_goexpert/internal/domain/mocks/info_searcher_mock.go:38.33,40.3 1 1
github.com/bruno-holanda15/weather_by_cep_goexpert/internal/domain/mocks/info_searcher_mock.go:41.2,41.46 1 0
github.com/bruno-holanda15/weather_by_cep_goexpert/internal/domain/mocks/info_searcher_mock.go:44.80,45.45 1 1
github.com/bruno-holanda15/weather_by_cep_goexpert/internal/domain/mocks/info_searcher_mock.go:45.45,47.3 1 1
github.com/bruno-holanda15/weather_by_cep_goexpert/internal/domain/mocks/info_searcher_mock.go:48.2,48.10 1 0
github.com/bruno-holanda15/weather_by_cep_goexpert/internal/domain/mocks/info_searcher_mock.go:51.76,52.41 1 1
github.com/bruno-holanda15/weather_by_cep_goexpert/internal/domain/mocks/info_searcher_mock.go:52.41,54.3 1 1
github.com/bruno-holanda15/weather_by_cep_goexpert/internal/domain/mocks/info_searcher_mock.go:56.2,56.10 1 0
github.com/bruno-holanda15/weather_by_cep_goexpert/internal/domain/usecase/forecast.go:35.95,39.2 1 1
github.com/bruno-holanda15/weather_by_cep_goexpert/internal/domain/usecase/forecast.go:41.79,46.16 4 1
github.com/bruno-holanda15/weather_by_cep_goexpert/internal/domain/usecase/forecast.go:46.16,48.3 1 1
github.com/bruno-holanda15/weather_by_cep_goexpert/internal/domain/usecase/forecast.go:49.2,53.16 4 1
github.com/bruno-holanda15/weather_by_cep_goexpert/internal/domain/usecase/forecast.go:53.16,55.3 1 1
github.com/bruno-holanda15/weather_by_cep_goexpert/internal/domain/usecase/forecast.go:56.2,60.16 4 1
github.com/bruno-holanda15/weather_by_cep_goexpert/internal/domain/usecase/forecast.go:60.16,62.3 1 1
github.com/bruno-holanda15/weather_by_cep_goexpert/internal/domain/usecase/forecast.go:63.2,77.3 7 1
